<?xml version="1.0" encoding="UTF-8"?>
<testsuite xmlns:xsi="http://www.w3.org/2001/XMLSchema-instance" xsi:noNamespaceSchemaLocation="https://maven.apache.org/surefire/maven-surefire-plugin/xsd/surefire-test-report-3.0.xsd" version="3.0" name="ar.edu.unju.fi.Tp4VitoBernardoBernalApplicationTests" time="2.168" tests="1" errors="0" skipped="0" failures="0">
  <properties>
[...]
</properties>
  <testcase name="contextLoads" classname="ar.edu.unju.fi.Tp4VitoBernardoBernalApplicationTests" time="0.684">
    <system-out><![CDATA[22:54:48.161 [main] INFO org.springframework.test.context.support.AnnotationConfigContextLoaderUtils -- Could not detect default configuration classes for test class [ar.edu.unju.fi.Tp4VitoBernardoBernalApplicationTests]: Tp4VitoBernardoBernalApplicationTests does not declare any static, non-private, non-final, nested classes annotated with @Configuration.
22:54:48.234 [main] INFO org.springframework.boot.test.context.SpringBootTestContextBootstrapper -- Found @SpringBootConfiguration ar.edu.unju.fi.Tp4VitoBernardoBernalApplication for test class ar.edu.unju.fi.Tp4VitoBernardoBernalApplicationTests
22:54:48.351 [main] INFO org.springframework.boot.devtools.restart.RestartApplicationListener -- Restart disabled due to context in which it is running

  .   ____          _            __ _ _
 /\\ / ___'_ __ _ _(_)_ __  __ _ \ \ \ \
( ( )\___ | '_ | '_| | '_ \/ _` | \ \ \ \
 \\/  ___)| |_)| | | | | || (_| |  ) ) ) )
  '  |____| .__|_| |_|_| |_\__, | / / / /
 =========|_|==============|___/=/_/_/_/
 :: Spring Boot ::                (v3.2.5)

2024-05-20T22:54:48.557-03:00  INFO 13164 --- [tp4_VitoBernardoBernal] [           main] .f.Tp4VitoBernardoBernalApplicationTests : Starting Tp4VitoBernardoBernalApplicationTests using Java 17.0.10 with PID 13164 (started by panchi in /home/panchi/Documents/workspace-spring-tool-suite-4-4.22.0.RELEASE/tp4_VitoBernardoBernal)
2024-05-20T22:54:48.558-03:00  INFO 13164 --- [tp4_VitoBernardoBernal] [           main] .f.Tp4VitoBernardoBernalApplicationTests : No active profile set, falling back to 1 default profile: "default"
2024-05-20T22:54:49.450-03:00  WARN 13164 --- [tp4_VitoBernardoBernal] [           main] ion$DefaultTemplateResolverConfiguration : Cannot find template location: classpath:/templates/ (please add some templates, check your Thymeleaf configuration, or set spring.thymeleaf.check-template-location=false)
2024-05-20T22:54:49.500-03:00  INFO 13164 --- [tp4_VitoBernardoBernal] [           main] .f.Tp4VitoBernardoBernalApplicationTests : Started Tp4VitoBernardoBernalApplicationTests in 1.158 seconds (process running for 1.936)
]]></system-out>
  </testcase>
</testsuite>